[31m2026-01-19 08:04:52.688[0;39m [33m[background-preinit][0;39m [34mINFO [0;39m [32morg.hibernate.validator.internal.util.Version[0;39m - HV000001: Hibernate Validator 8.0.1.Final
[31m2026-01-19 08:04:52.746[0;39m [33m[restartedMain][0;39m [34mINFO [0;39m [32mcom.geo.dsp.GeoDspApplication[0;39m - Starting GeoDspApplication using Java 17.0.12 with PID 13240 (D:\all_of_program\GeoDsp\target\classes started by agoni in D:\all_of_program\GeoDsp)
[31m2026-01-19 08:04:52.747[0;39m [33m[restartedMain][0;39m [34mINFO [0;39m [32mcom.geo.dsp.GeoDspApplication[0;39m - No active profile set, falling back to 1 default profile: "default"
[31m2026-01-19 08:25:54.973[0;39m [33m[background-preinit][0;39m [34mINFO [0;39m [32morg.hibernate.validator.internal.util.Version[0;39m - HV000001: Hibernate Validator 8.0.1.Final
[31m2026-01-19 08:25:55.011[0;39m [33m[restartedMain][0;39m [34mINFO [0;39m [32mcom.geo.dsp.GeoDspApplication[0;39m - Starting GeoDspApplication using Java 17.0.12 with PID 30236 (D:\all_of_program\GeoDsp\target\classes started by agoni in D:\all_of_program\GeoDsp)
[31m2026-01-19 08:25:55.012[0;39m [33m[restartedMain][0;39m [34mINFO [0;39m [32mcom.geo.dsp.GeoDspApplication[0;39m - No active profile set, falling back to 1 default profile: "default"
[31m2026-01-19 08:27:35.693[0;39m [33m[background-preinit][0;39m [34mINFO [0;39m [32morg.hibernate.validator.internal.util.Version[0;39m - HV000001: Hibernate Validator 8.0.1.Final
[31m2026-01-19 08:27:35.735[0;39m [33m[restartedMain][0;39m [34mINFO [0;39m [32mcom.geo.dsp.GeoDspApplication[0;39m - Starting GeoDspApplication using Java 17.0.12 with PID 3460 (D:\all_of_program\GeoDsp\target\classes started by agoni in D:\all_of_program\GeoDsp)
[31m2026-01-19 08:27:35.736[0;39m [33m[restartedMain][0;39m [34mINFO [0;39m [32mcom.geo.dsp.GeoDspApplication[0;39m - No active profile set, falling back to 1 default profile: "default"
[31m2026-01-19 08:33:57.398[0;39m [33m[background-preinit][0;39m [34mINFO [0;39m [32morg.hibernate.validator.internal.util.Version[0;39m - HV000001: Hibernate Validator 8.0.1.Final
[31m2026-01-19 08:33:57.442[0;39m [33m[restartedMain][0;39m [34mINFO [0;39m [32mcom.geo.dsp.GeoDspApplication[0;39m - Starting GeoDspApplication using Java 17.0.12 with PID 1836 (D:\all_of_program\GeoDsp\target\classes started by agoni in D:\all_of_program\GeoDsp)
[31m2026-01-19 08:33:57.443[0;39m [33m[restartedMain][0;39m [34mINFO [0;39m [32mcom.geo.dsp.GeoDspApplication[0;39m - No active profile set, falling back to 1 default profile: "default"
[31m2026-01-19 08:34:33.928[0;39m [33m[background-preinit][0;39m [34mINFO [0;39m [32morg.hibernate.validator.internal.util.Version[0;39m - HV000001: Hibernate Validator 8.0.1.Final
[31m2026-01-19 08:34:33.965[0;39m [33m[restartedMain][0;39m [34mINFO [0;39m [32mcom.geo.dsp.GeoDspApplication[0;39m - Starting GeoDspApplication using Java 17.0.12 with PID 32340 (D:\all_of_program\GeoDsp\target\classes started by agoni in D:\all_of_program\GeoDsp)
[31m2026-01-19 08:34:33.966[0;39m [33m[restartedMain][0;39m [34mINFO [0;39m [32mcom.geo.dsp.GeoDspApplication[0;39m - No active profile set, falling back to 1 default profile: "default"
[31m2026-01-19 08:42:04.935[0;39m [33m[background-preinit][0;39m [34mINFO [0;39m [32morg.hibernate.validator.internal.util.Version[0;39m - HV000001: Hibernate Validator 8.0.1.Final
[31m2026-01-19 08:42:04.979[0;39m [33m[restartedMain][0;39m [34mINFO [0;39m [32mcom.geo.dsp.GeoDspApplication[0;39m - Starting GeoDspApplication using Java 17.0.12 with PID 27604 (D:\all_of_program\GeoDsp\target\classes started by agoni in D:\all_of_program\GeoDsp)
[31m2026-01-19 08:42:04.981[0;39m [33m[restartedMain][0;39m [34mINFO [0;39m [32mcom.geo.dsp.GeoDspApplication[0;39m - No active profile set, falling back to 1 default profile: "default"
[31m2026-01-19 09:30:45.063[0;39m [33m[background-preinit][0;39m [34mINFO [0;39m [32morg.hibernate.validator.internal.util.Version[0;39m - HV000001: Hibernate Validator 8.0.1.Final
[31m2026-01-19 09:30:45.106[0;39m [33m[restartedMain][0;39m [34mINFO [0;39m [32mcom.geo.dsp.GeoDspApplication[0;39m - Starting GeoDspApplication using Java 17.0.12 with PID 35556 (D:\all_of_program\GeoDsp\target\classes started by agoni in D:\all_of_program\GeoDsp)
[31m2026-01-19 09:30:45.107[0;39m [33m[restartedMain][0;39m [34mINFO [0;39m [32mcom.geo.dsp.GeoDspApplication[0;39m - No active profile set, falling back to 1 default profile: "default"
[31m2026-01-19 09:41:38.421[0;39m [33m[background-preinit][0;39m [34mINFO [0;39m [32morg.hibernate.validator.internal.util.Version[0;39m - HV000001: Hibernate Validator 8.0.1.Final
[31m2026-01-19 09:41:38.469[0;39m [33m[restartedMain][0;39m [34mINFO [0;39m [32mcom.geo.dsp.GeoDspApplication[0;39m - Starting GeoDspApplication using Java 17.0.12 with PID 13948 (D:\all_of_program\GeoDsp\target\classes started by agoni in D:\all_of_program\GeoDsp)
[31m2026-01-19 09:41:38.470[0;39m [33m[restartedMain][0;39m [34mINFO [0;39m [32mcom.geo.dsp.GeoDspApplication[0;39m - No active profile set, falling back to 1 default profile: "default"
[31m2026-01-19 09:51:59.801[0;39m [33m[background-preinit][0;39m [34mINFO [0;39m [32morg.hibernate.validator.internal.util.Version[0;39m - HV000001: Hibernate Validator 8.0.1.Final
[31m2026-01-19 09:51:59.844[0;39m [33m[restartedMain][0;39m [34mINFO [0;39m [32mcom.geo.dsp.GeoDspApplication[0;39m - Starting GeoDspApplication using Java 17.0.12 with PID 21480 (D:\all_of_program\GeoDsp\target\classes started by agoni in D:\all_of_program\GeoDsp)
[31m2026-01-19 09:51:59.844[0;39m [33m[restartedMain][0;39m [34mINFO [0;39m [32mcom.geo.dsp.GeoDspApplication[0;39m - No active profile set, falling back to 1 default profile: "default"
[31m2026-01-19 10:04:39.576[0;39m [33m[background-preinit][0;39m [34mINFO [0;39m [32morg.hibernate.validator.internal.util.Version[0;39m - HV000001: Hibernate Validator 8.0.1.Final
[31m2026-01-19 10:04:39.630[0;39m [33m[restartedMain][0;39m [34mINFO [0;39m [32mcom.geo.dsp.GeoDspApplication[0;39m - Starting GeoDspApplication using Java 17.0.12 with PID 15108 (D:\all_of_program\GeoDsp\target\classes started by agoni in D:\all_of_program\GeoDsp)
[31m2026-01-19 10:04:39.631[0;39m [33m[restartedMain][0;39m [34mINFO [0;39m [32mcom.geo.dsp.GeoDspApplication[0;39m - No active profile set, falling back to 1 default profile: "default"
[31m2026-01-19 10:05:10.669[0;39m [33m[background-preinit][0;39m [34mINFO [0;39m [32morg.hibernate.validator.internal.util.Version[0;39m - HV000001: Hibernate Validator 8.0.1.Final
[31m2026-01-19 10:05:10.727[0;39m [33m[restartedMain][0;39m [34mINFO [0;39m [32mcom.geo.dsp.GeoDspApplication[0;39m - Starting GeoDspApplication using Java 17.0.12 with PID 34668 (D:\all_of_program\GeoDsp\target\classes started by agoni in D:\all_of_program\GeoDsp)
[31m2026-01-19 10:05:10.729[0;39m [33m[restartedMain][0;39m [34mINFO [0;39m [32mcom.geo.dsp.GeoDspApplication[0;39m - No active profile set, falling back to 1 default profile: "default"
[31m2026-01-19 10:05:32.556[0;39m [33m[background-preinit][0;39m [34mINFO [0;39m [32morg.hibernate.validator.internal.util.Version[0;39m - HV000001: Hibernate Validator 8.0.1.Final
[31m2026-01-19 10:05:32.601[0;39m [33m[restartedMain][0;39m [34mINFO [0;39m [32mcom.geo.dsp.GeoDspApplication[0;39m - Starting GeoDspApplication using Java 17.0.12 with PID 23300 (D:\all_of_program\GeoDsp\target\classes started by agoni in D:\all_of_program\GeoDsp)
[31m2026-01-19 10:05:32.601[0;39m [33m[restartedMain][0;39m [34mINFO [0;39m [32mcom.geo.dsp.GeoDspApplication[0;39m - No active profile set, falling back to 1 default profile: "default"
[31m2026-01-19 10:15:28.162[0;39m [33m[background-preinit][0;39m [34mINFO [0;39m [32morg.hibernate.validator.internal.util.Version[0;39m - HV000001: Hibernate Validator 8.0.1.Final
[31m2026-01-19 10:15:28.198[0;39m [33m[main][0;39m [34mINFO [0;39m [32mcom.geo.dsp.GeoDspApplicationTests[0;39m - Starting GeoDspApplicationTests using Java 23.0.2 with PID 16652 (started by agoni in D:\all_of_program\GeoDsp)
[31m2026-01-19 10:15:28.200[0;39m [33m[main][0;39m [34mINFO [0;39m [32mcom.geo.dsp.GeoDspApplicationTests[0;39m - No active profile set, falling back to 1 default profile: "default"
[31m2026-01-19 10:25:50.759[0;39m [33m[background-preinit][0;39m [34mINFO [0;39m [32morg.hibernate.validator.internal.util.Version[0;39m - HV000001: Hibernate Validator 8.0.1.Final
[31m2026-01-19 10:25:50.807[0;39m [33m[restartedMain][0;39m [34mINFO [0;39m [32mcom.geo.dsp.GeoDspApplication[0;39m - Starting GeoDspApplication using Java 17.0.12 with PID 19352 (D:\all_of_program\GeoDsp\target\classes started by agoni in D:\all_of_program\GeoDsp)
[31m2026-01-19 10:25:50.808[0;39m [33m[restartedMain][0;39m [34mINFO [0;39m [32mcom.geo.dsp.GeoDspApplication[0;39m - No active profile set, falling back to 1 default profile: "default"
[31m2026-01-19 10:29:35.759[0;39m [33m[background-preinit][0;39m [34mINFO [0;39m [32morg.hibernate.validator.internal.util.Version[0;39m - HV000001: Hibernate Validator 8.0.1.Final
[31m2026-01-19 10:29:35.794[0;39m [33m[main][0;39m [34mINFO [0;39m [32mcom.geo.dsp.GeoDspApplicationTests[0;39m - Starting GeoDspApplicationTests using Java 23.0.2 with PID 34656 (started by agoni in D:\all_of_program\GeoDsp)
[31m2026-01-19 10:29:35.794[0;39m [33m[main][0;39m [34mINFO [0;39m [32mcom.geo.dsp.GeoDspApplicationTests[0;39m - No active profile set, falling back to 1 default profile: "default"
[31m2026-01-19 10:30:40.082[0;39m [33m[background-preinit][0;39m [34mINFO [0;39m [32morg.hibernate.validator.internal.util.Version[0;39m - HV000001: Hibernate Validator 8.0.1.Final
[31m2026-01-19 10:30:40.124[0;39m [33m[restartedMain][0;39m [34mINFO [0;39m [32mcom.geo.dsp.GeoDspApplication[0;39m - Starting GeoDspApplication using Java 17.0.12 with PID 22320 (D:\all_of_program\GeoDsp\target\classes started by agoni in D:\all_of_program\GeoDsp)
[31m2026-01-19 10:30:40.125[0;39m [33m[restartedMain][0;39m [34mINFO [0;39m [32mcom.geo.dsp.GeoDspApplication[0;39m - No active profile set, falling back to 1 default profile: "default"
[31m2026-01-19 10:31:54.139[0;39m [33m[background-preinit][0;39m [34mINFO [0;39m [32morg.hibernate.validator.internal.util.Version[0;39m - HV000001: Hibernate Validator 8.0.1.Final
[31m2026-01-19 10:31:54.196[0;39m [33m[restartedMain][0;39m [34mINFO [0;39m [32mcom.geo.dsp.GeoDspApplication[0;39m - Starting GeoDspApplication using Java 17.0.12 with PID 39436 (D:\all_of_program\GeoDsp\target\classes started by agoni in D:\all_of_program\GeoDsp)
[31m2026-01-19 10:31:54.197[0;39m [33m[restartedMain][0;39m [34mINFO [0;39m [32mcom.geo.dsp.GeoDspApplication[0;39m - No active profile set, falling back to 1 default profile: "default"
[31m2026-01-19 18:14:36.236[0;39m [33m[background-preinit][0;39m [34mINFO [0;39m [32morg.hibernate.validator.internal.util.Version[0;39m - HV000001: Hibernate Validator 8.0.1.Final
[31m2026-01-19 18:14:36.292[0;39m [33m[restartedMain][0;39m [34mINFO [0;39m [32mcom.geo.dsp.GeoDspApplication[0;39m - Starting GeoDspApplication using Java 17.0.12 with PID 99880 (D:\all_of_program\GeoDsp\target\classes started by agoni in D:\all_of_program\GeoDsp)
[31m2026-01-19 18:14:36.293[0;39m [33m[restartedMain][0;39m [34mINFO [0;39m [32mcom.geo.dsp.GeoDspApplication[0;39m - No active profile set, falling back to 1 default profile: "default"
[31m2026-01-19 18:59:49.816[0;39m [33m[background-preinit][0;39m [34mINFO [0;39m [32morg.hibernate.validator.internal.util.Version[0;39m - HV000001: Hibernate Validator 8.0.1.Final
[31m2026-01-19 18:59:49.859[0;39m [33m[restartedMain][0;39m [34mINFO [0;39m [32mcom.geo.dsp.GeoDspApplication[0;39m - Starting GeoDspApplication using Java 17.0.12 with PID 88072 (D:\all_of_program\GeoDsp\target\classes started by agoni in D:\all_of_program\GeoDsp)
[31m2026-01-19 18:59:49.861[0;39m [33m[restartedMain][0;39m [34mINFO [0;39m [32mcom.geo.dsp.GeoDspApplication[0;39m - No active profile set, falling back to 1 default profile: "default"
[31m2026-01-19 19:01:38.987[0;39m [33m[background-preinit][0;39m [34mINFO [0;39m [32morg.hibernate.validator.internal.util.Version[0;39m - HV000001: Hibernate Validator 8.0.1.Final
[31m2026-01-19 19:01:39.030[0;39m [33m[restartedMain][0;39m [34mINFO [0;39m [32mcom.geo.dsp.GeoDspApplication[0;39m - Starting GeoDspApplication using Java 17.0.12 with PID 93264 (D:\all_of_program\GeoDsp\target\classes started by agoni in D:\all_of_program\GeoDsp)
[31m2026-01-19 19:01:39.031[0;39m [33m[restartedMain][0;39m [34mINFO [0;39m [32mcom.geo.dsp.GeoDspApplication[0;39m - No active profile set, falling back to 1 default profile: "default"
[31m2026-01-19 19:02:13.683[0;39m [33m[background-preinit][0;39m [34mINFO [0;39m [32morg.hibernate.validator.internal.util.Version[0;39m - HV000001: Hibernate Validator 8.0.1.Final
[31m2026-01-19 19:02:13.720[0;39m [33m[restartedMain][0;39m [34mINFO [0;39m [32mcom.geo.dsp.GeoDspApplication[0;39m - Starting GeoDspApplication using Java 17.0.12 with PID 87772 (D:\all_of_program\GeoDsp\target\classes started by agoni in D:\all_of_program\GeoDsp)
[31m2026-01-19 19:02:13.720[0;39m [33m[restartedMain][0;39m [34mINFO [0;39m [32mcom.geo.dsp.GeoDspApplication[0;39m - No active profile set, falling back to 1 default profile: "default"
[31m2026-01-19 19:02:50.325[0;39m [33m[background-preinit][0;39m [34mINFO [0;39m [32morg.hibernate.validator.internal.util.Version[0;39m - HV000001: Hibernate Validator 8.0.1.Final
[31m2026-01-19 19:02:50.355[0;39m [33m[main][0;39m [34mINFO [0;39m [32mcom.geo.dsp.GeoDspApplicationTests[0;39m - Starting GeoDspApplicationTests using Java 23.0.2 with PID 93580 (started by agoni in D:\all_of_program\GeoDsp)
[31m2026-01-19 19:02:50.356[0;39m [33m[main][0;39m [34mINFO [0;39m [32mcom.geo.dsp.GeoDspApplicationTests[0;39m - No active profile set, falling back to 1 default profile: "default"
[31m2026-01-19 19:02:54.622[0;39m [33m[main][0;39m [34mINFO [0;39m [32mcom.geo.dsp.GeoDspApplicationTests[0;39m - Started GeoDspApplicationTests in 4.755 seconds (process running for 6.223)
[31m2026-01-19 19:03:07.995[0;39m [33m[background-preinit][0;39m [34mINFO [0;39m [32morg.hibernate.validator.internal.util.Version[0;39m - HV000001: Hibernate Validator 8.0.1.Final
[31m2026-01-19 19:03:08.034[0;39m [33m[restartedMain][0;39m [34mINFO [0;39m [32mcom.geo.dsp.GeoDspApplication[0;39m - Starting GeoDspApplication using Java 17.0.12 with PID 97648 (D:\all_of_program\GeoDsp\target\classes started by agoni in D:\all_of_program\GeoDsp)
[31m2026-01-19 19:03:08.035[0;39m [33m[restartedMain][0;39m [34mINFO [0;39m [32mcom.geo.dsp.GeoDspApplication[0;39m - No active profile set, falling back to 1 default profile: "default"
[31m2026-01-19 19:03:33.747[0;39m [33m[background-preinit][0;39m [34mINFO [0;39m [32morg.hibernate.validator.internal.util.Version[0;39m - HV000001: Hibernate Validator 8.0.1.Final
[31m2026-01-19 19:03:33.800[0;39m [33m[restartedMain][0;39m [34mINFO [0;39m [32mcom.geo.dsp.GeoDspApplication[0;39m - Starting GeoDspApplication using Java 17.0.12 with PID 86760 (D:\all_of_program\GeoDsp\target\classes started by agoni in D:\all_of_program\GeoDsp)
[31m2026-01-19 19:03:33.801[0;39m [33m[restartedMain][0;39m [34mINFO [0;39m [32mcom.geo.dsp.GeoDspApplication[0;39m - No active profile set, falling back to 1 default profile: "default"
[31m2026-01-19 19:04:07.345[0;39m [33m[background-preinit][0;39m [34mINFO [0;39m [32morg.hibernate.validator.internal.util.Version[0;39m - HV000001: Hibernate Validator 8.0.1.Final
[31m2026-01-19 19:04:07.378[0;39m [33m[main][0;39m [34mINFO [0;39m [32mcom.geo.dsp.GeoDspApplicationTests[0;39m - Starting GeoDspApplicationTests using Java 17.0.12 with PID 87660 (started by agoni in D:\all_of_program\GeoDsp)
[31m2026-01-19 19:04:07.379[0;39m [33m[main][0;39m [34mINFO [0;39m [32mcom.geo.dsp.GeoDspApplicationTests[0;39m - No active profile set, falling back to 1 default profile: "default"
[31m2026-01-19 19:04:11.747[0;39m [33m[main][0;39m [34mINFO [0;39m [32mcom.geo.dsp.GeoDspApplicationTests[0;39m - Started GeoDspApplicationTests in 4.813 seconds (process running for 5.902)
[31m2026-01-19 19:10:32.721[0;39m [33m[background-preinit][0;39m [34mINFO [0;39m [32morg.hibernate.validator.internal.util.Version[0;39m - HV000001: Hibernate Validator 8.0.1.Final
[31m2026-01-19 19:10:32.757[0;39m [33m[main][0;39m [34mINFO [0;39m [32mcom.geo.dsp.GeoDspApplicationTests[0;39m - Starting GeoDspApplicationTests using Java 17.0.12 with PID 103772 (started by agoni in D:\all_of_program\GeoDsp)
[31m2026-01-19 19:10:32.758[0;39m [33m[main][0;39m [34mINFO [0;39m [32mcom.geo.dsp.GeoDspApplicationTests[0;39m - No active profile set, falling back to 1 default profile: "default"
[31m2026-01-19 19:10:37.163[0;39m [33m[main][0;39m [34mINFO [0;39m [32mcom.geo.dsp.GeoDspApplicationTests[0;39m - Started GeoDspApplicationTests in 4.828 seconds (process running for 5.892)
[31m2026-01-19 19:10:38.154[0;39m [33m[SpringApplicationShutdownHook][0;39m [34mINFO [0;39m [32mcom.alibaba.druid.pool.DruidDataSource[0;39m - {dataSource-0} closing ...
[31m2026-01-19 19:10:48.642[0;39m [33m[background-preinit][0;39m [34mINFO [0;39m [32morg.hibernate.validator.internal.util.Version[0;39m - HV000001: Hibernate Validator 8.0.1.Final
[31m2026-01-19 19:10:48.675[0;39m [33m[main][0;39m [34mINFO [0;39m [32mcom.geo.dsp.GeoDspApplicationTests[0;39m - Starting GeoDspApplicationTests using Java 17.0.12 with PID 98648 (started by agoni in D:\all_of_program\GeoDsp)
[31m2026-01-19 19:10:48.676[0;39m [33m[main][0;39m [34mINFO [0;39m [32mcom.geo.dsp.GeoDspApplicationTests[0;39m - No active profile set, falling back to 1 default profile: "default"
[31m2026-01-19 19:10:52.921[0;39m [33m[main][0;39m [34mINFO [0;39m [32mcom.geo.dsp.GeoDspApplicationTests[0;39m - Started GeoDspApplicationTests in 4.664 seconds (process running for 5.696)
[31m2026-01-19 19:10:53.817[0;39m [33m[SpringApplicationShutdownHook][0;39m [34mINFO [0;39m [32mcom.alibaba.druid.pool.DruidDataSource[0;39m - {dataSource-0} closing ...
[31m2026-01-19 19:11:03.544[0;39m [33m[background-preinit][0;39m [34mINFO [0;39m [32morg.hibernate.validator.internal.util.Version[0;39m - HV000001: Hibernate Validator 8.0.1.Final
[31m2026-01-19 19:11:03.585[0;39m [33m[main][0;39m [34mINFO [0;39m [32mcom.geo.dsp.GeoDspApplicationTests[0;39m - Starting GeoDspApplicationTests using Java 17.0.12 with PID 100744 (started by agoni in D:\all_of_program\GeoDsp)
[31m2026-01-19 19:11:03.586[0;39m [33m[main][0;39m [34mINFO [0;39m [32mcom.geo.dsp.GeoDspApplicationTests[0;39m - No active profile set, falling back to 1 default profile: "default"
[31m2026-01-19 19:11:08.094[0;39m [33m[main][0;39m [34mINFO [0;39m [32mcom.geo.dsp.GeoDspApplicationTests[0;39m - Started GeoDspApplicationTests in 4.966 seconds (process running for 6.039)
[31m2026-01-19 19:11:09.084[0;39m [33m[SpringApplicationShutdownHook][0;39m [34mINFO [0;39m [32mcom.alibaba.druid.pool.DruidDataSource[0;39m - {dataSource-0} closing ...
[31m2026-01-19 19:11:17.897[0;39m [33m[background-preinit][0;39m [34mINFO [0;39m [32morg.hibernate.validator.internal.util.Version[0;39m - HV000001: Hibernate Validator 8.0.1.Final
[31m2026-01-19 19:11:17.941[0;39m [33m[restartedMain][0;39m [34mINFO [0;39m [32mcom.geo.dsp.GeoDspApplication[0;39m - Starting GeoDspApplication using Java 17.0.12 with PID 87168 (D:\all_of_program\GeoDsp\target\classes started by agoni in D:\all_of_program\GeoDsp)
[31m2026-01-19 19:11:17.942[0;39m [33m[restartedMain][0;39m [34mINFO [0;39m [32mcom.geo.dsp.GeoDspApplication[0;39m - No active profile set, falling back to 1 default profile: "default"
[31m2026-01-19 19:11:19.509[0;39m [33m[restartedMain][0;39m [34mINFO [0;39m [32morg.apache.coyote.http11.Http11NioProtocol[0;39m - Initializing ProtocolHandler ["http-nio-9966"]
[31m2026-01-19 19:11:19.511[0;39m [33m[restartedMain][0;39m [34mINFO [0;39m [32morg.apache.catalina.core.StandardService[0;39m - Starting service [Tomcat]
[31m2026-01-19 19:11:19.511[0;39m [33m[restartedMain][0;39m [34mINFO [0;39m [32morg.apache.catalina.core.StandardEngine[0;39m - Starting Servlet engine: [Apache Tomcat/10.1.33]
[31m2026-01-19 19:11:19.583[0;39m [33m[restartedMain][0;39m [34mINFO [0;39m [32mo.a.c.c.ContainerBase.[Tomcat].[localhost].[/geo][0;39m - Initializing Spring embedded WebApplicationContext
[31m2026-01-19 19:11:21.259[0;39m [33m[restartedMain][0;39m [34mINFO [0;39m [32morg.apache.coyote.http11.Http11NioProtocol[0;39m - Starting ProtocolHandler ["http-nio-9966"]
[31m2026-01-19 19:11:21.307[0;39m [33m[restartedMain][0;39m [34mINFO [0;39m [32mcom.geo.dsp.GeoDspApplication[0;39m - Started GeoDspApplication in 3.804 seconds (process running for 4.462)
[31m2026-01-19 19:19:16.331[0;39m [33m[http-nio-9966-exec-2][0;39m [34mINFO [0;39m [32mo.a.c.c.ContainerBase.[Tomcat].[localhost].[/geo][0;39m - Initializing Spring DispatcherServlet 'dispatcherServlet'
[31m2026-01-19 19:44:58.818[0;39m [33m[http-nio-9966-exec-2][0;39m [34mINFO [0;39m [32mcom.geo.dsp.module.user.controller.UserController[0;39m - 获取用户列表，页码：1，每页条数：10，用户名：null
[31m2026-01-19 19:44:58.935[0;39m [33m[http-nio-9966-exec-2][0;39m [34mINFO [0;39m [32mcom.alibaba.druid.pool.DruidDataSource[0;39m - {dataSource-1} inited
[31m2026-01-19 19:44:59.132[0;39m [33m[Druid-ConnectionPool-Create-2092618381][0;39m [34mINFO [0;39m [32mcom.alibaba.druid.pool.DruidAbstractDataSource[0;39m - {dataSource-1} failContinuous is true
[31m2026-01-19 19:45:33.038[0;39m [33m[http-nio-9966-exec-4][0;39m [34mINFO [0;39m [32mcom.geo.dsp.module.user.controller.UserController[0;39m - 获取用户列表，页码：1，每页条数：10，用户名：null
[31m2026-01-19 19:46:13.078[0;39m [33m[SpringApplicationShutdownHook][0;39m [34mINFO [0;39m [32mcom.alibaba.druid.pool.DruidDataSource[0;39m - {dataSource-1} closing ...
[31m2026-01-19 19:46:13.078[0;39m [33m[SpringApplicationShutdownHook][0;39m [34mINFO [0;39m [32mcom.alibaba.druid.pool.DruidDataSource[0;39m - {dataSource-1} closed
[31m2026-01-19 19:46:45.896[0;39m [33m[background-preinit][0;39m [34mINFO [0;39m [32morg.hibernate.validator.internal.util.Version[0;39m - HV000001: Hibernate Validator 8.0.1.Final
[31m2026-01-19 19:46:45.943[0;39m [33m[restartedMain][0;39m [34mINFO [0;39m [32mcom.geo.dsp.GeoDspApplication[0;39m - Starting GeoDspApplication using Java 17.0.12 with PID 101736 (D:\all_of_program\GeoDsp\target\classes started by agoni in D:\all_of_program\GeoDsp)
[31m2026-01-19 19:46:45.944[0;39m [33m[restartedMain][0;39m [34mINFO [0;39m [32mcom.geo.dsp.GeoDspApplication[0;39m - No active profile set, falling back to 1 default profile: "default"
[31m2026-01-19 19:46:47.601[0;39m [33m[restartedMain][0;39m [34mINFO [0;39m [32morg.apache.coyote.http11.Http11NioProtocol[0;39m - Initializing ProtocolHandler ["http-nio-9966"]
[31m2026-01-19 19:46:47.602[0;39m [33m[restartedMain][0;39m [34mINFO [0;39m [32morg.apache.catalina.core.StandardService[0;39m - Starting service [Tomcat]
[31m2026-01-19 19:46:47.602[0;39m [33m[restartedMain][0;39m [34mINFO [0;39m [32morg.apache.catalina.core.StandardEngine[0;39m - Starting Servlet engine: [Apache Tomcat/10.1.33]
[31m2026-01-19 19:46:47.663[0;39m [33m[restartedMain][0;39m [34mINFO [0;39m [32mo.a.c.c.ContainerBase.[Tomcat].[localhost].[/geo][0;39m - Initializing Spring embedded WebApplicationContext
[31m2026-01-19 19:46:49.118[0;39m [33m[restartedMain][0;39m [34mINFO [0;39m [32morg.apache.coyote.http11.Http11NioProtocol[0;39m - Starting ProtocolHandler ["http-nio-9966"]
[31m2026-01-19 19:46:49.151[0;39m [33m[restartedMain][0;39m [34mINFO [0;39m [32mcom.geo.dsp.GeoDspApplication[0;39m - Started GeoDspApplication in 3.733 seconds (process running for 4.424)
[31m2026-01-19 19:47:21.357[0;39m [33m[http-nio-9966-exec-1][0;39m [34mINFO [0;39m [32mo.a.c.c.ContainerBase.[Tomcat].[localhost].[/geo][0;39m - Initializing Spring DispatcherServlet 'dispatcherServlet'
[31m2026-01-19 19:47:21.401[0;39m [33m[http-nio-9966-exec-1][0;39m [34mINFO [0;39m [32mcom.geo.dsp.module.user.controller.UserController[0;39m - 获取用户列表，页码：1，每页条数：10，用户名：null
[31m2026-01-19 19:47:21.486[0;39m [33m[http-nio-9966-exec-1][0;39m [34mINFO [0;39m [32mcom.zaxxer.hikari.HikariDataSource[0;39m - root - Starting...
[31m2026-01-19 19:48:18.885[0;39m [33m[http-nio-9966-exec-3][0;39m [34mINFO [0;39m [32mcom.geo.dsp.module.user.controller.UserController[0;39m - 获取用户列表，页码：1，每页条数：10，用户名：null
[31m2026-01-19 19:48:18.887[0;39m [33m[http-nio-9966-exec-3][0;39m [34mINFO [0;39m [32mcom.zaxxer.hikari.HikariDataSource[0;39m - root - Starting...
